<?xml version="1.0" encoding="UTF-8"?>
<beans xmlns:xsi="http://www.w3.org/2001/XMLSchema-instance"
       xmlns="http://www.springframework.org/schema/beans"
       xsi:schemaLocation="http://www.springframework.org/schema/beans http://www.springframework.org/schema/beans/spring-beans.xsd">

    <import resource="application-context.xml"/>

    <bean class="org.springframework.context.support.PropertySourcesPlaceholderConfigurer">
        <property name="location" value="clients.properties"/>
    </bean>

    <bean id="savingAccount1" class="com.luxoft.bankapp.model.SavingAccount">
        <constructor-arg value="1000"/>
    </bean>

    <bean id="checkingAccount1" class="com.luxoft.bankapp.model.CheckingAccount">
        <constructor-arg value="1000"/>
    </bean>

    <bean id="client1" class="com.luxoft.bankapp.model.Client">
        <constructor-arg name="name" value="${client1}"/>
        <constructor-arg name="gender" value="${client1.gender}"/>
        <property name="city" value="${client1.city}"/>
        <property name="accounts">
            <set>
                <ref bean="savingAccount1"/>
                <ref bean="checkingAccount1"/>
            </set>
        </property>
        <property name="repository" ref="clientRepository"/>
    </bean>

    <bean id="checkingAccount2" class="com.luxoft.bankapp.model.CheckingAccount">
        <constructor-arg value="1500"/>
    </bean>

    <bean id="client2" class="com.luxoft.bankapp.model.Client">
        <constructor-arg name="name" value="${client2}"/>
        <constructor-arg name="gender" value="${client2.gender}"/>
        <property name="city" value="${client2.city}"/>
        <property name="accounts">
            <set>
                <ref bean="checkingAccount2"/>
            </set>
        </property>
        <property name="repository" ref="clientRepository"/>
    </bean>

</beans>